[2015-09-25 16:09:40] myapp.INFO: Matched route "contact". {"route_parameters":{"_controller":"Promesa\\Front\\Controller\\FrontController::contactAction","_route":"contact"},"request_uri":"http://localhost:8000/www/index.php/contact"} []
[2015-09-25 16:09:40] myapp.DEBUG: Lengua preferida: es [] []
[2015-09-25 16:09:40] myapp.INFO: > POST /www/index.php/contact [] []
[2015-09-25 16:09:40] myapp.DEBUG: Lengua preferida: es [] []
[2015-09-25 16:09:41] myapp.INFO: < 400 [] []
[2015-09-25 16:09:52] myapp.INFO: Matched route "homepage". {"route_parameters":{"_controller":"Promesa\\Front\\Controller\\FrontController::indexAction","_route":"homepage"},"request_uri":"http://localhost:8000/www/index.php/"} []
[2015-09-25 16:09:52] myapp.DEBUG: Lengua preferida: es [] []
[2015-09-25 16:09:52] myapp.INFO: > GET /www/index.php [] []
[2015-09-25 16:09:52] myapp.INFO: Matched route "contact". {"route_parameters":{"_controller":"Promesa\\Front\\Controller\\FrontController::contactAction","_route":"contact"},"request_uri":"http://localhost:8000/www/index.php/contact?_locale=es"} []
[2015-09-25 16:09:52] myapp.DEBUG: Lengua preferida: es [] []
[2015-09-25 16:09:53] myapp.INFO: < 200 [] []
[2015-09-25 16:13:51] myapp.INFO: Matched route "file". {"route_parameters":{"_controller":"Promesa\\Front\\Controller\\FrontController::sendFileAction","_route":"file"},"request_uri":"http://localhost:8000/www/index.php/file?file=meditacion%20de%20misterios.pdf"} []
[2015-09-25 16:13:51] myapp.DEBUG: Lengua preferida: es [] []
[2015-09-25 16:13:51] myapp.INFO: > GET /www/index.php/file?file=meditacion+de+misterios.pdf [] []
[2015-09-25 16:13:51] myapp.INFO: Se ha solicitado el archivo: /wwwdownload/meditacion de misterios.pdf [] []
[2015-09-25 16:13:51] myapp.ERROR: No se ha encontrado el fichero [] []
[2015-09-25 16:13:51] myapp.ERROR: Symfony\Component\HttpKernel\Exception\HttpException: No se ha encontrado el fichero solicitado (uncaught exception) at /Users/javi/Code/promesa/vendor/silex/silex/src/Silex/Application.php line 395 {"exception":"[object] (Symfony\\Component\\HttpKernel\\Exception\\HttpException(code: 0): No se ha encontrado el fichero solicitado at /Users/javi/Code/promesa/vendor/silex/silex/src/Silex/Application.php:395)"} []
[2015-09-25 16:13:51] myapp.INFO: < 204 [] []
[2015-09-25 16:14:11] myapp.INFO: Matched route "file". {"route_parameters":{"_controller":"Promesa\\Front\\Controller\\FrontController::sendFileAction","_route":"file"},"request_uri":"http://localhost:8000/www/index.php/file?file=meditacion%20de%20misterios.pdf"} []
[2015-09-25 16:14:11] myapp.DEBUG: Lengua preferida: es [] []
[2015-09-25 16:14:11] myapp.INFO: > GET /www/index.php/file?file=meditacion+de+misterios.pdf [] []
[2015-09-25 16:14:11] myapp.INFO: Se ha solicitado el archivo: /wwwdownload/meditacion de misterios.pdf [] []
[2015-09-25 16:14:11] myapp.ERROR: No se ha encontrado el fichero [] []
[2015-09-25 16:14:11] myapp.ERROR: Symfony\Component\HttpKernel\Exception\HttpException: No se ha encontrado el fichero solicitado (uncaught exception) at /Users/javi/Code/promesa/vendor/silex/silex/src/Silex/Application.php line 395 {"exception":"[object] (Symfony\\Component\\HttpKernel\\Exception\\HttpException(code: 0): No se ha encontrado el fichero solicitado at /Users/javi/Code/promesa/vendor/silex/silex/src/Silex/Application.php:395)"} []
[2015-09-25 16:14:11] myapp.INFO: < 204 [] []
[2015-09-25 16:14:27] myapp.INFO: Matched route "file". {"route_parameters":{"_controller":"Promesa\\Front\\Controller\\FrontController::sendFileAction","_route":"file"},"request_uri":"http://localhost:8000/www/index.php/file?file=una%20llave.pdf"} []
[2015-09-25 16:14:27] myapp.DEBUG: Lengua preferida: es [] []
[2015-09-25 16:14:27] myapp.INFO: > GET /www/index.php/file?file=una+llave.pdf [] []
[2015-09-25 16:14:27] myapp.INFO: Se ha solicitado el archivo: /wwwdownload/una llave.pdf [] []
[2015-09-25 16:14:27] myapp.ERROR: No se ha encontrado el fichero [] []
[2015-09-25 16:14:27] myapp.ERROR: Symfony\Component\HttpKernel\Exception\HttpException: No se ha encontrado el fichero solicitado (uncaught exception) at /Users/javi/Code/promesa/vendor/silex/silex/src/Silex/Application.php line 395 {"exception":"[object] (Symfony\\Component\\HttpKernel\\Exception\\HttpException(code: 0): No se ha encontrado el fichero solicitado at /Users/javi/Code/promesa/vendor/silex/silex/src/Silex/Application.php:395)"} []
[2015-09-25 16:14:27] myapp.INFO: < 204 [] []
[2015-09-25 16:15:01] myapp.INFO: Matched route "homepage". {"route_parameters":{"_controller":"Promesa\\Front\\Controller\\FrontController::indexAction","_route":"homepage"},"request_uri":"http://localhost:8000/"} []
[2015-09-25 16:15:01] myapp.DEBUG: Lengua preferida: es [] []
[2015-09-25 16:15:01] myapp.INFO: > GET / [] []
[2015-09-25 16:15:01] myapp.INFO: Matched route "contact". {"route_parameters":{"_controller":"Promesa\\Front\\Controller\\FrontController::contactAction","_route":"contact"},"request_uri":"http://localhost:8000/contact?_locale=es"} []
[2015-09-25 16:15:01] myapp.DEBUG: Lengua preferida: es [] []
[2015-09-25 16:15:02] myapp.INFO: < 200 [] []
[2015-09-25 16:15:07] myapp.INFO: Matched route "file". {"route_parameters":{"_controller":"Promesa\\Front\\Controller\\FrontController::sendFileAction","_route":"file"},"request_uri":"http://localhost:8000/file?file=Promesa%20de%20la%20Virgen%20de%20Fatima%20hecha%20en%20catequesis.pdf"} []
[2015-09-25 16:15:07] myapp.DEBUG: Lengua preferida: es [] []
[2015-09-25 16:15:07] myapp.INFO: > GET /file?file=Promesa+de+la+Virgen+de+Fatima+hecha+en+catequesis.pdf [] []
[2015-09-25 16:15:07] myapp.INFO: Se ha solicitado el archivo: download/Promesa de la Virgen de Fatima hecha en catequesis.pdf [] []
[2015-09-25 16:15:07] myapp.INFO: < 200 [] []
[2015-11-20 18:01:17] myapp.INFO: Matched route "homepage". {"route_parameters":{"_controller":"Promesa\\Front\\Controller\\FrontController::indexAction","_route":"homepage"},"request_uri":"http://localhost:8080/"} []
[2015-11-20 18:01:17] myapp.DEBUG: Lengua preferida: es [] []
[2015-11-20 18:01:17] myapp.INFO: > GET / [] []
[2015-11-20 18:01:18] myapp.CRITICAL: Twig_Error_Runtime: Variable "informacion" does not exist in "ninos.html.twig" at line 2 (uncaught exception) at /Users/javi/Code/promesa/vendor/twig/twig/lib/Twig/Template.php line 391 {"exception":"[object] (Twig_Error_Runtime(code: 0): Variable \"informacion\" does not exist in \"ninos.html.twig\" at line 2 at /Users/javi/Code/promesa/vendor/twig/twig/lib/Twig/Template.php:391)"} []
[2015-11-20 18:01:18] myapp.INFO: < 500 [] []
[2015-11-20 18:02:42] myapp.INFO: Matched route "homepage". {"route_parameters":{"_controller":"Promesa\\Front\\Controller\\FrontController::indexAction","_route":"homepage"},"request_uri":"http://localhost:8080/"} []
[2015-11-20 18:02:42] myapp.DEBUG: Lengua preferida: es [] []
[2015-11-20 18:02:42] myapp.INFO: > GET / [] []
[2015-11-20 18:02:42] myapp.INFO: Matched route "contact". {"route_parameters":{"_controller":"Promesa\\Front\\Controller\\FrontController::contactAction","_route":"contact"},"request_uri":"http://localhost:8080/contact?_locale=es"} []
[2015-11-20 18:02:42] myapp.DEBUG: Lengua preferida: es [] []
[2015-11-20 18:02:43] myapp.INFO: < 200 [] []
[2015-11-20 18:03:14] myapp.INFO: Matched route "homepage". {"route_parameters":{"_controller":"Promesa\\Front\\Controller\\FrontController::indexAction","_route":"homepage"},"request_uri":"http://localhost:8080/"} []
[2015-11-20 18:03:14] myapp.DEBUG: Lengua preferida: es [] []
[2015-11-20 18:03:14] myapp.INFO: > GET / [] []
[2015-11-20 18:03:14] myapp.INFO: Matched route "contact". {"route_parameters":{"_controller":"Promesa\\Front\\Controller\\FrontController::contactAction","_route":"contact"},"request_uri":"http://localhost:8080/contact?_locale=es"} []
[2015-11-20 18:03:14] myapp.DEBUG: Lengua preferida: es [] []
[2015-11-20 18:03:15] myapp.INFO: < 200 [] []
[2015-11-20 18:04:01] myapp.INFO: Matched route "homepage". {"route_parameters":{"_controller":"Promesa\\Front\\Controller\\FrontController::indexAction","_route":"homepage"},"request_uri":"http://localhost:8080/"} []
[2015-11-20 18:04:01] myapp.DEBUG: Lengua preferida: es [] []
[2015-11-20 18:04:01] myapp.INFO: > GET / [] []
[2015-11-20 18:04:01] myapp.INFO: Matched route "contact". {"route_parameters":{"_controller":"Promesa\\Front\\Controller\\FrontController::contactAction","_route":"contact"},"request_uri":"http://localhost:8080/contact?_locale=es"} []
[2015-11-20 18:04:01] myapp.DEBUG: Lengua preferida: es [] []
[2015-11-20 18:04:02] myapp.INFO: < 200 [] []
[2015-11-20 18:04:34] myapp.INFO: Matched route "homepage". {"route_parameters":{"_controller":"Promesa\\Front\\Controller\\FrontController::indexAction","_route":"homepage"},"request_uri":"http://localhost:8080/"} []
[2015-11-20 18:04:34] myapp.DEBUG: Lengua preferida: en [] []
[2015-11-20 18:04:34] myapp.INFO: > GET / [] []
[2015-11-20 18:04:34] myapp.INFO: Matched route "contact". {"route_parameters":{"_controller":"Promesa\\Front\\Controller\\FrontController::contactAction","_route":"contact"},"request_uri":"http://localhost:8080/contact?_locale=en"} []
[2015-11-20 18:04:34] myapp.DEBUG: Lengua preferida: en [] []
[2015-11-20 18:04:35] myapp.INFO: < 200 [] []
[2015-11-20 18:09:44] myapp.INFO: Matched route "homepage". {"route_parameters":{"_controller":"Promesa\\Front\\Controller\\FrontController::indexAction","_route":"homepage"},"request_uri":"http://localhost:8080/"} []
[2015-11-20 18:09:44] myapp.DEBUG: Lengua preferida: en [] []
[2015-11-20 18:09:44] myapp.INFO: > GET / [] []
[2015-11-20 18:09:44] myapp.INFO: Matched route "contact". {"route_parameters":{"_controller":"Promesa\\Front\\Controller\\FrontController::contactAction","_route":"contact"},"request_uri":"http://localhost:8080/contact?_locale=en"} []
[2015-11-20 18:09:44] myapp.DEBUG: Lengua preferida: en [] []
[2015-11-20 18:09:45] myapp.INFO: < 200 [] []
[2015-11-20 18:10:20] myapp.INFO: Matched route "homepage". {"route_parameters":{"_controller":"Promesa\\Front\\Controller\\FrontController::indexAction","_route":"homepage"},"request_uri":"http://localhost:8080/"} []
[2015-11-20 18:10:20] myapp.DEBUG: Lengua preferida: en [] []
[2015-11-20 18:10:20] myapp.INFO: > GET / [] []
[2015-11-20 18:10:20] myapp.INFO: Matched route "contact". {"route_parameters":{"_controller":"Promesa\\Front\\Controller\\FrontController::contactAction","_route":"contact"},"request_uri":"http://localhost:8080/contact?_locale=en"} []
[2015-11-20 18:10:20] myapp.DEBUG: Lengua preferida: en [] []
[2015-11-20 18:10:21] myapp.INFO: < 200 [] []
[2015-11-20 18:15:38] myapp.ERROR: Symfony\Component\HttpKernel\Exception\NotFoundHttpException: No route found for "GET /es" (uncaught exception) at /Users/javi/Code/promesa/vendor/symfony/http-kernel/EventListener/RouterListener.php line 159 {"exception":"[object] (Symfony\\Component\\HttpKernel\\Exception\\NotFoundHttpException(code: 0): No route found for \"GET /es\" at /Users/javi/Code/promesa/vendor/symfony/http-kernel/EventListener/RouterListener.php:159, Symfony\\Component\\Routing\\Exception\\ResourceNotFoundException(code: 0): No routes found for \"/es\". at /Users/javi/Code/promesa/vendor/symfony/routing/Matcher/UrlMatcher.php:102)"} []
[2015-11-20 18:15:38] myapp.INFO: < 404 [] []
[2015-11-20 18:15:51] myapp.INFO: Matched route "homepage". {"route_parameters":{"_controller":"Promesa\\Front\\Controller\\FrontController::indexAction","_route":"homepage"},"request_uri":"http://localhost:8080/"} []
[2015-11-20 18:15:51] myapp.DEBUG: Lengua preferida: en [] []
[2015-11-20 18:15:51] myapp.INFO: > GET / [] []
[2015-11-20 18:15:52] myapp.INFO: Matched route "contact". {"route_parameters":{"_controller":"Promesa\\Front\\Controller\\FrontController::contactAction","_route":"contact"},"request_uri":"http://localhost:8080/contact?_locale=en"} []
[2015-11-20 18:15:52] myapp.DEBUG: Lengua preferida: en [] []
[2015-11-20 18:15:53] myapp.INFO: < 200 [] []
[2015-11-20 18:18:12] myapp.INFO: Matched route "homepage". {"route_parameters":{"_controller":"Promesa\\Front\\Controller\\FrontController::indexAction","_route":"homepage"},"request_uri":"http://localhost:8080/"} []
[2015-11-20 18:18:12] myapp.DEBUG: Lengua preferida: en [] []
[2015-11-20 18:18:12] myapp.INFO: > GET / [] []
[2015-11-20 18:18:12] myapp.INFO: Matched route "contact". {"route_parameters":{"_controller":"Promesa\\Front\\Controller\\FrontController::contactAction","_route":"contact"},"request_uri":"http://localhost:8080/contact?_locale=en"} []
[2015-11-20 18:18:12] myapp.DEBUG: Lengua preferida: en [] []
[2015-11-20 18:18:13] myapp.INFO: < 200 [] []
[2015-11-20 18:19:18] myapp.INFO: Matched route "homepage". {"route_parameters":{"_controller":"Promesa\\Front\\Controller\\FrontController::indexAction","_route":"homepage"},"request_uri":"http://localhost:8080/"} []
[2015-11-20 18:19:18] myapp.DEBUG: Lengua preferida: en [] []
[2015-11-20 18:19:18] myapp.INFO: > GET / [] []
[2015-11-20 18:19:19] myapp.INFO: Matched route "contact". {"route_parameters":{"_controller":"Promesa\\Front\\Controller\\FrontController::contactAction","_route":"contact"},"request_uri":"http://localhost:8080/contact?_locale=en"} []
[2015-11-20 18:19:19] myapp.DEBUG: Lengua preferida: en [] []
[2015-11-20 18:19:20] myapp.INFO: < 200 [] []
[2015-11-20 18:19:58] myapp.INFO: Matched route "homepage". {"route_parameters":{"_controller":"Promesa\\Front\\Controller\\FrontController::indexAction","_route":"homepage"},"request_uri":"http://localhost:8080/"} []
[2015-11-20 18:19:58] myapp.DEBUG: Lengua preferida: en [] []
[2015-11-20 18:19:58] myapp.INFO: > GET / [] []
[2015-11-20 18:19:59] myapp.INFO: Matched route "contact". {"route_parameters":{"_controller":"Promesa\\Front\\Controller\\FrontController::contactAction","_route":"contact"},"request_uri":"http://localhost:8080/contact?_locale=en"} []
[2015-11-20 18:19:59] myapp.DEBUG: Lengua preferida: en [] []
[2015-11-20 18:20:00] myapp.INFO: < 200 [] []
[2015-11-20 18:20:26] myapp.INFO: Matched route "homepage". {"route_parameters":{"_controller":"Promesa\\Front\\Controller\\FrontController::indexAction","_route":"homepage"},"request_uri":"http://localhost:8080/"} []
[2015-11-20 18:20:26] myapp.DEBUG: Lengua preferida: es [] []
[2015-11-20 18:20:26] myapp.INFO: > GET / [] []
[2015-11-20 18:20:26] myapp.INFO: Matched route "contact". {"route_parameters":{"_controller":"Promesa\\Front\\Controller\\FrontController::contactAction","_route":"contact"},"request_uri":"http://localhost:8080/contact?_locale=es"} []
[2015-11-20 18:20:26] myapp.DEBUG: Lengua preferida: es [] []
[2015-11-20 18:20:27] myapp.INFO: < 200 [] []
[2015-11-20 18:32:07] myapp.INFO: Matched route "homepage". {"route_parameters":{"_controller":"Promesa\\Front\\Controller\\FrontController::indexAction","_route":"homepage"},"request_uri":"http://localhost:8080/"} []
[2015-11-20 18:32:07] myapp.DEBUG: Lengua preferida: es [] []
[2015-11-20 18:32:07] myapp.INFO: > GET / [] []
[2015-11-20 18:32:07] myapp.INFO: Matched route "contact". {"route_parameters":{"_controller":"Promesa\\Front\\Controller\\FrontController::contactAction","_route":"contact"},"request_uri":"http://localhost:8080/contact?_locale=es"} []
[2015-11-20 18:32:07] myapp.DEBUG: Lengua preferida: es [] []
[2015-11-20 18:32:08] myapp.INFO: < 200 [] []
[2015-11-20 18:32:17] myapp.INFO: Matched route "homepage". {"route_parameters":{"_controller":"Promesa\\Front\\Controller\\FrontController::indexAction","_route":"homepage"},"request_uri":"http://localhost:8080/"} []
[2015-11-20 18:32:17] myapp.DEBUG: Lengua preferida: en [] []
[2015-11-20 18:32:17] myapp.INFO: > GET / [] []
[2015-11-20 18:32:18] myapp.INFO: Matched route "contact". {"route_parameters":{"_controller":"Promesa\\Front\\Controller\\FrontController::contactAction","_route":"contact"},"request_uri":"http://localhost:8080/contact?_locale=en"} []
[2015-11-20 18:32:18] myapp.DEBUG: Lengua preferida: en [] []
[2015-11-20 18:32:19] myapp.INFO: < 200 [] []
[2015-11-20 18:34:52] myapp.INFO: Matched route "homepage". {"route_parameters":{"_controller":"Promesa\\Front\\Controller\\FrontController::indexAction","_route":"homepage"},"request_uri":"http://localhost:8080/"} []
[2015-11-20 18:34:52] myapp.DEBUG: Lengua preferida: en [] []
[2015-11-20 18:34:52] myapp.INFO: > GET / [] []
[2015-11-20 18:34:52] myapp.INFO: Matched route "contact". {"route_parameters":{"_controller":"Promesa\\Front\\Controller\\FrontController::contactAction","_route":"contact"},"request_uri":"http://localhost:8080/contact?_locale=en"} []
[2015-11-20 18:34:52] myapp.DEBUG: Lengua preferida: en [] []
[2015-11-20 18:34:54] myapp.INFO: < 200 [] []
